<?xml version="1.0" encoding="UTF-8"?>
<!-- Generated by org.testng.reporters.JUnitReportReporter -->
<testsuite hostname="DESKTOP-HRF3DE4" failures="0" tests="1" name="Despegar.Despegar" time="22.929" errors="0" timestamp="2022-05-30T19:58:51 ART" skipped="0">
  <testcase classname="Despegar.Despegar" name="ValidarBusquedaDespegar" time="22.929"/>
  <system-out/>
</testsuite> <!-- Despegar.Despegar -->
